<?xml version="1.0" encoding="UTF-8"?>
<!-- Generated by org.testng.reporters.JUnitXMLReporter -->
<testsuite hostname="localhost" ignored="0" name="Surefire test" tests="5" failures="0" timestamp="2024-02-29T10:47:50 BRT" time="9.141" errors="0">
  <testcase name="CT1verificaInclusaoBancoTest" time="3.141" classname="com.merini.classificacao.teste.CT1VerificaCRUDClassififcacaoTest"/>
  <testcase name="CT04verificaExclusao" time="1.355" classname="com.merini.classificacao.teste.CT1VerificaCRUDClassififcacaoTest"/>
  <testcase name="CT2verificaRecuperaTodosOsNomesBanco" time="0.367" classname="com.merini.classificacao.teste.CT1VerificaCRUDClassififcacaoTest"/>
  <testcase name="CT3verificaEdicao" time="2.15" classname="com.merini.classificacao.teste.CT3verificaEdicaoTest"/>
  <testcase name="CT04verificaExclusao" time="2.072" classname="com.merini.classificacao.teste.CT2verificaExclusaoTest"/>
</testsuite> <!-- Surefire test -->
