<?xml version="1.0" encoding="UTF-8"?>
<testsuite xmlns:xsi="http://www.w3.org/2001/XMLSchema-instance" xsi:noNamespaceSchemaLocation="https://maven.apache.org/surefire/maven-surefire-plugin/xsd/surefire-test-report-3.0.xsd" version="3.0" name="com.merini.classificacao.teste.CT1verificaInclusaoBancoTest" time="3.031" tests="3" errors="0" skipped="0" failures="0">
  <properties>
[...]
</properties>
  <testcase name="CT1verificaInclusaoBancoTest" classname="com.merini.classificacao.teste.CT1verificaInclusaoBancoTest" time="1.473">
    <system-out><![CDATA[conectado
registro classificação inserido, int retornado : 1
CT1verificaInclusao()
carregar Entretenimento1705675486905
conectado
Construtor sem parametros
classificação recuperada : Entretenimento1705675486905
public void shutDown() 
shutdown2
]]></system-out>
  </testcase>
  <testcase name="verificaExclusao" classname="com.merini.classificacao.teste.CT1verificaInclusaoBancoTest" time="0.867">
    <system-out><![CDATA[CT2verificaExclusao()
conectado
DELETE FROM classificacao WHERE nomeclassificacao = 'Entretenimento1705675486905'
registro classificação excluído, status code : 1
public void shutDown() 
shutdown2
]]></system-out>
  </testcase>
  <testcase name="CT5verificaRecuperaTodosOsNomesBanco" classname="com.merini.classificacao.teste.CT1verificaInclusaoBancoTest" time="0.352">
    <system-out><![CDATA[registerDriver
conectado
nome da classificação : Entretenimento1704834582598
nome da classificação : Entretenimento1704835417607
nome da classificação : Entretenimento1705344255640
nome da classificação : Entretenimento1705344649396
nome da classificação : Entretenimento1705346550582
nome da classificação : Entretenimento1705348694396
nome da classificação : Entretenimento1705674932715
nome da classificação : Entretenimento1705675211969
nome da classificação : Entretenimento1705675393503
nome das classificações recuperado
]]></system-out>
  </testcase>
</testsuite>