<?xml version="1.0" encoding="UTF-8"?>
<testsuite xmlns:xsi="http://www.w3.org/2001/XMLSchema-instance" xsi:noNamespaceSchemaLocation="https://maven.apache.org/surefire/maven-surefire-plugin/xsd/surefire-test-report-3.0.xsd" version="3.0" name="TestSuite" time="9.527" tests="5" errors="0" skipped="0" failures="0">
  <properties>
[...]
</properties>
  <testcase name="CT1verificaInclusaoBancoTest" classname="com.merini.classificacao.teste.CT1VerificaCRUDClassififcacaoTest" time="3.147">
    <system-out><![CDATA[	CT1verificaInclusao()
registerDriver
conectado, incluindo : Entretenimento 1709214461311
registro classificação inserido, int retornado : 1
CT1verificaInclusao() asserts
carregar Entretenimento 1709214461311
conectado
Modelo.Classificacao.Construtor sem parametros
ClassificacaoDAO.carregar 
classificação recuperada : Entretenimento 1709214461311
public void shutDown() 
shutdown2
]]></system-out>
  </testcase>
  <testcase name="CT04verificaExclusao" classname="com.merini.classificacao.teste.CT1VerificaCRUDClassififcacaoTest" time="1.356">
    <system-out><![CDATA[	CT4verificaExclusao()
registerDriver
conectado
DELETE FROM classificacao WHERE nomeclassificacao = 'Entretenimento 1709214461311'
registro classificação excluído, status code : 1
public void shutDown() 
shutdown2
]]></system-out>
  </testcase>
  <testcase name="CT2verificaRecuperaTodosOsNomesBanco" classname="com.merini.classificacao.teste.CT1VerificaCRUDClassififcacaoTest" time="0.373">
    <system-out><![CDATA[	CT2verificaRecuperaTodosOsNomesBanco
registerDriver
conectado
nome da classificação : Entretenimento1704834582598
nome da classificação : Entretenimento1704835417607
nome da classificação : Entretenimento1705344255640
nome da classificação : Entretenimento1705344649396
nome da classificação : Entretenimento1705346550582
nome da classificação : Entretenimento1705348694396
nome da classificação : Entretenimento1705674932715
nome da classificação : Entretenimento1705675211969
nome da classificação : Entretenimento1705675393503
nome da classificação : Atividade Fisica
nome da classificação : Entretenimento excl 1706125679654
nome das classificações recuperado
]]></system-out>
  </testcase>
  <testcase name="CT3verificaEdicao" classname="com.merini.classificacao.teste.CT3verificaEdicaoTest" time="2.148">
    <system-out><![CDATA[	CT3verificaEdicaoTest : classe 
carregar Entretenimento1705675393503
registerDriver
conectado
Modelo.Classificacao.Construtor sem parametros
ClassificacaoDAO.carregar 
classificação recuperada : Entretenimento1705675393503
public void shutDown() 
shutdown2
registerDriver
UPDATE classificacao SET  nomeclassificacao = 'Entretenimento1705675393503', cor = 'Azul Escuro', descricao = 'descrição editada 1709214466257' WHERE  idclassificacao = 15
conectado
1
public void shutDown() 
shutdown2
registerDriver
conectado
Modelo.Classificacao.Construtor sem parametros
ClassificacaoDAO.carregar 
classificação recuperada : Entretenimento1705675393503
public void shutDown() 
shutdown2
assert equals
]]></system-out>
  </testcase>
  <testcase name="CT04verificaExclusao" classname="com.merini.classificacao.teste.CT2verificaExclusaoTest" time="2.073">
    <system-out><![CDATA[	CT4verificaExclusao : classe  
registerDriver
conectado
registro classificação inserido - 1
public void shutDown() 
shutdown2
registerDriver
conectado
DELETE FROM classificacao WHERE nomeclassificacao = 'Entretenimento excl 1709214468410'
registro classificação excluído, status code : 1
public void shutDown() 
shutdown2
]]></system-out>
  </testcase>
</testsuite>