<?xml version="1.0" encoding="UTF-8"?>
<!-- Generated by org.testng.reporters.JUnitXMLReporter -->
<testsuite hostname="localhost.localdomain" ignored="0" name="Surefire test" tests="5" failures="0" timestamp="24 jan 2024 21:57:47 GMT" time="8.196" errors="0">
  <testcase name="CT1verificaInclusaoBancoTest" time="2.084" classname="com.merini.classificacao.teste.CT1VerificaCRUDClassififcacaoTest"/>
  <testcase name="CT3verificaEdicao" time="2.218" classname="com.merini.classificacao.teste.CT3verificaEdicaoTest"/>
  <testcase name="CT04verificaExclusao" time="2.31" classname="com.merini.classificacao.teste.CT2verificaExclusaoTest"/>
  <testcase name="CT04verificaExclusao" time="1.132" classname="com.merini.classificacao.teste.CT1VerificaCRUDClassififcacaoTest"/>
  <testcase name="CT2verificaRecuperaTodosOsNomesBanco" time="0.398" classname="com.merini.classificacao.teste.CT1VerificaCRUDClassififcacaoTest"/>
</testsuite> <!-- Surefire test -->
