<?xml version="1.0" encoding="UTF-8"?>
<testng-results ignored="0" total="1" passed="1" failed="0" skipped="0">
  <reporter-output>
  </reporter-output>
  <suite started-at="2024-03-08T17:36:17 BRT" name="Default suite" finished-at="2024-03-08T17:36:21 BRT" duration-ms="3949">
    <groups>
    </groups>
    <test started-at="2024-03-08T17:36:17 BRT" name="Default test" finished-at="2024-03-08T17:36:21 BRT" duration-ms="3949">
      <class name="com.merini.classificacao.teste.CT3verificaEdicaoTest">
        <test-method signature="CT3verificaEdicao()[pri:0, instance:com.merini.classificacao.teste.CT3verificaEdicaoTest@3972a855]" started-at="2024-03-08T17:36:17 BRT" name="CT3verificaEdicao" finished-at="2024-03-08T17:36:21 BRT" duration-ms="3895" status="PASS">
          <reporter-output>
          </reporter-output>
        </test-method> <!-- CT3verificaEdicao -->
      </class> <!-- com.merini.classificacao.teste.CT3verificaEdicaoTest -->
    </test> <!-- Default test -->
  </suite> <!-- Default suite -->
</testng-results>
